 
****************************************
Report : area
Design : BOOTHMUL_NBIT32
Version: F-2011.09-SP3
Date   : Tue May 31 17:24:57 2022
****************************************

Library(s) Used:

    NangateOpenCellLibrary (File: /home/mariagrazia.graziano/do/libnangate/NangateOpenCellLibrary_typical_ecsm.db)

Number of ports:                          128
Number of nets:                          3089
Number of cells:                           48
Number of combinational cells:             16
Number of sequential cells:                 0
Number of macros:                           0
Number of buf/inv:                         16
Number of references:                      36

Combinational area:       8598.449951
Noncombinational area:       0.000000
Net Interconnect area:      undefined  (Wire load has zero net area)

Total cell area:          8598.449951
Total area:                 undefined
1
