 
****************************************
Report : area
Design : BOOTHMUL_NBIT32_1
Version: F-2011.09-SP3
Date   : Wed Mar 30 18:35:18 2022
****************************************

Library(s) Used:

    NangateOpenCellLibrary (File: /home/mariagrazia.graziano/do/libnangate/NangateOpenCellLibrary_typical_ecsm.db)

Number of ports:                          128
Number of nets:                          6051
Number of cells:                           32
Number of combinational cells:              0
Number of sequential cells:                 0
Number of macros:                           0
Number of buf/inv:                          0
Number of references:                      32

Combinational area:       8272.334048
Noncombinational area:       0.000000
Net Interconnect area:      undefined  (Wire load has zero net area)

Total cell area:          8272.334048
Total area:                 undefined
1
