 
****************************************
Report : power
        -cell
        -analysis_effort low
        -sort_mode cell_internal_power
Design : SIPISOALU
Version: F-2011.09-SP3
Date   : Wed Apr 27 22:11:04 2022
****************************************


Library(s) Used:

    NangateOpenCellLibrary (File: /home/mariagrazia.graziano/do/libnangate/NangateOpenCellLibrary_typical_ecsm.db)


Operating Conditions: typical   Library: NangateOpenCellLibrary
Wire Load Model Mode: top

Design        Wire Load Model            Library
------------------------------------------------
SIPISOALU              5K_hvratio_1_1    NangateOpenCellLibrary


Global Operating Voltage = 1.1  
Power-specific unit information :
    Voltage Units = 1V
    Capacitance Units = 1.000000ff
    Time Units = 1ns
    Dynamic Power Units = 1uW    (derived from V,C,T units)
    Leakage Power Units = 1nW



  Attributes
  ----------
      h  -  Hierarchical cell

                        Cell      Driven Net  Tot Dynamic      Cell
                        Internal  Switching   Power            Leakage
Cell                    Power     Power       (% Cell/Tot)     Power      Attrs
--------------------------------------------------------------------------------
control                    4.8483       N/A        N/A (N/A)   2062.2190  h
PISO_reg[1]                0.7167 2.035e-03      0.719 (100%)   115.4835   
PISO_reg[2]                0.7152 1.876e-03      0.717 (100%)   115.4293   
PISO_reg[0]                0.7144 1.583e-03      0.716 (100%)   116.0649   
PISO_reg[3]                0.7130 1.413e-03      0.714 (100%)   115.3454   
PIPO_reg[1]                0.7098    0.0169      0.727 (98%)    118.6784   
SIPO_reg[0]                0.7085    0.0242      0.733 (97%)    119.0066   
PIPO_reg[0]                0.7081    0.0175      0.726 (98%)    118.6948   
SIPO_reg[2]                0.7073 7.690e-03      0.715 (99%)    118.3735   
SIPO_reg[1]                0.7063    0.0208      0.727 (97%)    118.7433   
PIPO_reg[2]                0.7048    0.0119      0.717 (98%)    118.6978   
PIPO_reg[3]                0.7041 8.532e-03      0.713 (99%)    118.7479   
U56                        0.0304 8.882e-03   3.93e-02 (77%)     29.4245   
U75                        0.0270    0.0156   4.26e-02 (63%)     44.9038   
U57                        0.0251    0.0104   3.55e-02 (71%)     28.2714   
U65                        0.0222 7.098e-03   2.93e-02 (76%)     40.5770   
U62                        0.0174 8.839e-03   2.62e-02 (66%)     26.8265   
U66                        0.0162 8.883e-03   2.51e-02 (65%)     26.8138   
U61                        0.0155 7.947e-03   2.35e-02 (66%)     38.1985   
U94                        0.0100    0.1937      0.204 (5%)      14.3532   
U95                     9.904e-03    0.0277   3.76e-02 (26%)     14.3532   
U77                     9.135e-03 3.582e-03   1.27e-02 (72%)     34.3920   
U87                     8.234e-03 3.245e-03   1.15e-02 (72%)     34.6167   
U78                     8.218e-03 5.595e-03   1.38e-02 (59%)     15.1080   
U79                     8.013e-03 3.130e-03   1.11e-02 (72%)     34.7661   
U85                     7.825e-03 3.083e-03   1.09e-02 (72%)     34.6282   
U83                     7.729e-03 3.019e-03   1.07e-02 (72%)     34.6492   
U88                     7.382e-03 4.944e-03   1.23e-02 (60%)      6.8344   
U80                     7.339e-03 5.192e-03   1.25e-02 (59%)      6.4202   
U90                     7.267e-03 4.867e-03   1.21e-02 (60%)      6.8344   
U86                     7.022e-03 4.702e-03   1.17e-02 (60%)      6.8344   
U84                     7.001e-03 4.662e-03   1.17e-02 (60%)     14.8700   
U81                     6.789e-03 2.653e-03   9.44e-03 (72%)     35.1264   
U89                     6.607e-03 3.218e-03   9.82e-03 (67%)     36.4317   
U82                     6.482e-03 4.578e-03   1.11e-02 (59%)      6.1938   
U71                     4.883e-03 2.989e-03   7.87e-03 (62%)     40.4439   
U69                     4.629e-03 5.909e-03   1.05e-02 (44%)     15.6926   
U58                     3.716e-03 4.261e-03   7.98e-03 (47%)     23.4755   
U67                     3.699e-03 2.867e-03   6.57e-03 (56%)     44.7793   
U68                     2.711e-03 1.759e-03   4.47e-03 (61%)      9.7778   
U55                     2.672e-03 1.221e-03   3.89e-03 (69%)     11.1918   
U60                     2.456e-03 1.031e-03   3.49e-03 (70%)      7.4963   
U92                     2.281e-03 7.048e-03   9.33e-03 (24%)     18.1515   
U54                     2.273e-03 8.868e-04   3.16e-03 (72%)     34.9775   
U73                     2.154e-03 1.492e-03   3.65e-03 (59%)      7.7175   
U72                     2.057e-03 1.073e-03   3.13e-03 (66%)     37.1407   
U76                     1.539e-03 4.218e-03   5.76e-03 (27%)     20.1396   
U59                     1.434e-03 7.488e-04   2.18e-03 (66%)     37.3058   
U74                     1.243e-03 3.996e-03   5.24e-03 (24%)     18.7708   
U70                     1.234e-03 1.065e-03   2.30e-03 (54%)     26.9364   
U93                     1.136e-03 1.351e-03   2.49e-03 (46%)     10.1493   
U91                     1.065e-03 4.033e-03   5.10e-03 (21%)     18.4372   
U63                     9.536e-04 5.602e-04   1.51e-03 (63%)     46.3007   
U64                        0.0000    0.0000      0.000 (N/A)     24.4163   
--------------------------------------------------------------------------------
Totals (54 cells)         12.978uW     N/A         N/A (N/A)      4.380uW
1
