 
****************************************
Report : power
        -net
        -analysis_effort low
        -sort_mode net_switching_power
Design : SIPISOALU
Version: F-2011.09-SP3
Date   : Wed Apr 27 22:11:04 2022
****************************************


Library(s) Used:

    NangateOpenCellLibrary (File: /home/mariagrazia.graziano/do/libnangate/NangateOpenCellLibrary_typical_ecsm.db)


Operating Conditions: typical   Library: NangateOpenCellLibrary
Wire Load Model Mode: top

Design        Wire Load Model            Library
------------------------------------------------
SIPISOALU              5K_hvratio_1_1    NangateOpenCellLibrary


Global Operating Voltage = 1.1  
Power-specific unit information :
    Voltage Units = 1V
    Capacitance Units = 1.000000ff
    Time Units = 1ns
    Dynamic Power Units = 1uW    (derived from V,C,T units)
    Leakage Power Units = 1nW



  Attributes
  ----------
      a  -  Switching activity information annotated on net
      d  -  Default switching activity information on net

                             Total      Static   Toggle   Switching
Net                          Net Load   Prob.    Rate     Power      Attrs
--------------------------------------------------------------------------------
n54                           32.022    0.500    0.0100      0.1937  d
LDB                           21.092    0.112    0.0061      0.0780  
EA                            12.415    0.149    0.0064      0.0484  
n56                            4.582    0.500    0.0100      0.0277  d
n33                            9.050    0.888    0.0032      0.0175  
n92                            1.997    0.506    0.0129      0.0156  
n61                            6.080    0.876    0.0037      0.0135  
n69                            6.884    0.114    0.0032      0.0134  
n64                            6.047    0.889    0.0032      0.0118  
n70                            4.775    0.123    0.0037      0.0107  
n78                            2.721    0.185    0.0063      0.0104  
LDC                           13.265    0.006    0.0011      0.0091  
n86                            2.721    0.835    0.0054      0.0089  
n76                            1.933    0.184    0.0076      0.0089  
n81                            2.542    0.824    0.0057      0.0088  
n63                            4.503    0.888    0.0030      0.0082  
n80                            1.894    0.178    0.0069      0.0079  
n59                            4.503    0.899    0.0028      0.0077  
n60                            3.843    0.886    0.0032      0.0074  
n82                            1.882    0.833    0.0062      0.0071  
n55                            4.844    0.053    0.0024      0.0070  
n87                            4.061    0.947    0.0024      0.0059  
n93                            1.980    0.922    0.0047      0.0056  
n94                            1.980    0.935    0.0043      0.0052  
n71                            2.721    0.114    0.0031      0.0051  
n73                            2.542    0.111    0.0033      0.0050  
n98                            1.980    0.943    0.0041      0.0049  
n99                            1.980    0.946    0.0041      0.0049  
n97                            1.980    0.944    0.0039      0.0047  
n96                            1.980    0.944    0.0039      0.0047  
n95                            1.980    0.946    0.0038      0.0046  
n77                            2.542    0.055    0.0028      0.0043  
n84                            6.225    0.980    0.0011      0.0042  
n52                            5.952    0.020    0.0011      0.0040  
n75                            6.149    0.014    0.0011      0.0040  
n72                            1.980    0.112    0.0031      0.0037  
n46                            1.438    0.136    0.0041      0.0036  
n62                            1.882    0.886    0.0030      0.0035  
n40                            1.438    0.124    0.0037      0.0032  
n39                            1.438    0.124    0.0037      0.0032  
n44                            1.438    0.125    0.0036      0.0031  
n41                            1.438    0.124    0.0035      0.0031  
n42                            1.438    0.126    0.0035      0.0030  
n89                            1.987    0.071    0.0025      0.0030  
n85                            2.542    0.051    0.0019      0.0029  
n43                            1.438    0.111    0.0030      0.0027  
n88                            1.980    0.963    0.0015      0.0018  
n91                            1.980    0.990    0.0012      0.0015  
n65                            3.985    0.003    0.0006      0.0014  
n31                            1.972    0.975    0.0012      0.0014  
n53                            1.972    0.994    0.0011      0.0014  
SHIFTC                         1.961    0.014    0.0011      0.0013  
n74                            1.980    0.992    0.0010      0.0012  
n48                            1.438    0.027    0.0012      0.0011  
n90                            1.936    0.025    0.0009      0.0011  
n58                            1.882    0.993    0.0009      0.0010  
n79                            1.980    0.994    0.0009      0.0010  
n67                            1.894    0.007    0.0009      0.0010  
n57                            1.972    0.994    0.0008      0.0010  
n66                            1.997    0.005    0.0008      0.0009  
n51                            1.438    0.008    0.0010      0.0009  
n50                            1.438    0.006    0.0009      0.0007  
n49                            1.438    0.003    0.0006      0.0006  
C                              0.310    0.024    0.0011      0.0002  
n83                            1.980    1.000    0.0000      0.0000  
--------------------------------------------------------------------------------
Total (65 nets)                                            643.2831 nW
1
