 
****************************************
Report : area
Design : BOOTHMUL_NBIT8
Version: F-2011.09-SP3
Date   : Tue May 31 17:22:08 2022
****************************************

Library(s) Used:

    NangateOpenCellLibrary (File: /home/mariagrazia.graziano/do/libnangate/NangateOpenCellLibrary_typical_ecsm.db)

Number of ports:                           32
Number of nets:                           207
Number of cells:                           31
Number of combinational cells:             24
Number of sequential cells:                 0
Number of macros:                           0
Number of buf/inv:                          9
Number of references:                      11

Combinational area:        402.724001
Noncombinational area:       0.000000
Net Interconnect area:      undefined  (Wire load has zero net area)

Total cell area:           402.724001
Total area:                 undefined
1
